<?xml version="1.0" encoding="UTF-8"?>
<!-- Generated by org.testng.reporters.JUnitReportReporter -->
<testsuite hostname="HYD-SMOTHKURI1" name="com.epam.scenarios.NewBusniness" tests="12" failures="0" timestamp="21 Oct 2016 10:11:42 GMT" time="463.595" errors="0">
  <testcase name="ActionsonUnderWritingPage" time="66.588" classname="com.epam.scenarios.NewBusniness"/>
  <testcase name="ActionsonAdditionalInterest" time="6.930" classname="com.epam.scenarios.NewBusniness"/>
  <testcase name="GeneralInformationPage" time="18.576" classname="com.epam.scenarios.NewBusniness"/>
  <testcase name="FillApplicantData" time="48.137" classname="com.epam.scenarios.NewBusniness"/>
  <testcase name="AddVehicals" time="48.493" classname="com.epam.scenarios.NewBusniness"/>
  <testcase name="AddCoverages" time="31.658" classname="com.epam.scenarios.NewBusniness"/>
  <testcase name="AddDrivers" time="49.247" classname="com.epam.scenarios.NewBusniness"/>
  <testcase name="SubmissionsPage" time="33.636" classname="com.epam.scenarios.NewBusniness"/>
  <testcase name="loginToMBGroup" time="43.385" classname="com.epam.scenarios.NewBusniness"/>
  <testcase name="FillNewQuotePage" time="88.674" classname="com.epam.scenarios.NewBusniness"/>
  <testcase name="ViolationsPage" time="16.687" classname="com.epam.scenarios.NewBusniness"/>
  <testcase name="ActionsOnPremiumDetailsPage" time="11.584" classname="com.epam.scenarios.NewBusniness"/>
</testsuite> <!-- com.epam.scenarios.NewBusniness -->
